// 重构日志: ac192900
// 重构日志: 20e8f78e
// 同步 ID: bd73a371 @ Wed Jun 24 22:56:51 UTC 2026
// 重构日志: de222936
// 同步 ID: f7a07a1a @ Thu Jun 25 17:46:58 UTC 2026
// 重构日志: 2479b3c2
// 重构日志: 2036694e
// 重构日志: 7823c42f
// 同步 ID: 594cdcae @ Sat Jul  4 08:35:45 UTC 2026
// 同步 ID: bd8fda34 @ Sat Jul  4 17:18:04 UTC 2026
// 重构日志: bf3e2a66
// 重构日志: 2ce8bcd8
// 重构日志: 6781aa6a
// 重构日志: 2c55ba8d
// 同步 ID: dfb40b2c @ Fri Jul 10 06:01:32 UTC 2026
// 同步 ID: 3928c0fe @ Sat Jul 11 01:37:29 UTC 2026
// 重构日志: 01e879fa
// 同步 ID: ec21b003 @ Sat Jul 11 09:10:18 UTC 2026
// 重构日志: ea58801a
// 重构日志: 46c4578d
// 重构日志: 6bae150f
// 重构日志: e5dfe29c
// 重构日志: b4bf8f53
// 同步 ID: 1df21694 @ Mon Jul 13 05:41:02 UTC 2026
// 重构日志: a4cb6dbb
// 重构日志: 4ff3e785
// 重构日志: 286dd039
// 同步 ID: 4ccab6ce @ Tue Jul 14 06:46:20 UTC 2026
// 同步 ID: 08202201 @ Tue Jul 14 12:56:35 UTC 2026
// 同步 ID: 5cbd4a8d @ Tue Jul 14 17:06:18 UTC 2026
